c:\users\4163212\desktop\テーマプログラム\direct x\shootinggame\基本プログラム\debug\基本プログラム.pch.codeanalysis
c:\users\4163212\desktop\テーマプログラム\direct x\shootinggame\基本プログラム\debug\vc120.pdb
c:\users\4163212\desktop\テーマプログラム\direct x\shootinggame\基本プログラム\debug\vc120.idb
c:\users\4163212\desktop\テーマプログラム\direct x\shootinggame\基本プログラム\debug\基本プログラム.pch.codeanalysisast
c:\users\4163212\desktop\テーマプログラム\direct x\shootinggame\基本プログラム\debug\stdafx.nativecodeanalysis.xml
c:\users\4163212\desktop\テーマプログラム\direct x\shootinggame\基本プログラム\debug\stdafx.obj
c:\users\4163212\desktop\テーマプログラム\direct x\shootinggame\基本プログラム\debug\基本プログラム.pch
c:\users\4163212\desktop\テーマプログラム\direct x\shootinggame\基本プログラム\debug\backmap.nativecodeanalysis.xml
c:\users\4163212\desktop\テーマプログラム\direct x\shootinggame\基本プログラム\debug\blast.nativecodeanalysis.xml
c:\users\4163212\desktop\テーマプログラム\direct x\shootinggame\基本プログラム\debug\enemy.nativecodeanalysis.xml
c:\users\4163212\desktop\テーマプログラム\direct x\shootinggame\基本プログラム\debug\enemydata.nativecodeanalysis.xml
c:\users\4163212\desktop\テーマプログラム\direct x\shootinggame\基本プログラム\debug\game.nativecodeanalysis.xml
c:\users\4163212\desktop\テーマプログラム\direct x\shootinggame\基本プログラム\debug\hitcheak.nativecodeanalysis.xml
c:\users\4163212\desktop\テーマプログラム\direct x\shootinggame\基本プログラム\debug\initdx.nativecodeanalysis.xml
c:\users\4163212\desktop\テーマプログラム\direct x\shootinggame\基本プログラム\debug\jiki.nativecodeanalysis.xml
c:\users\4163212\desktop\テーマプログラム\direct x\shootinggame\基本プログラム\debug\msg.nativecodeanalysis.xml
c:\users\4163212\desktop\テーマプログラム\direct x\shootinggame\基本プログラム\debug\option.nativecodeanalysis.xml
c:\users\4163212\desktop\テーマプログラム\direct x\shootinggame\基本プログラム\debug\spaitem.nativecodeanalysis.xml
c:\users\4163212\desktop\テーマプログラム\direct x\shootinggame\基本プログラム\debug\基本プログラム.nativecodeanalysis.xml
c:\users\4163212\desktop\テーマプログラム\direct x\shootinggame\基本プログラム\debug\基本プログラム.obj
c:\users\4163212\desktop\テーマプログラム\direct x\shootinggame\基本プログラム\debug\spaitem.obj
c:\users\4163212\desktop\テーマプログラム\direct x\shootinggame\基本プログラム\debug\option.obj
c:\users\4163212\desktop\テーマプログラム\direct x\shootinggame\基本プログラム\debug\msg.obj
c:\users\4163212\desktop\テーマプログラム\direct x\shootinggame\基本プログラム\debug\jiki.obj
c:\users\4163212\desktop\テーマプログラム\direct x\shootinggame\基本プログラム\debug\initdx.obj
c:\users\4163212\desktop\テーマプログラム\direct x\shootinggame\基本プログラム\debug\hitcheak.obj
c:\users\4163212\desktop\テーマプログラム\direct x\shootinggame\基本プログラム\debug\game.obj
c:\users\4163212\desktop\テーマプログラム\direct x\shootinggame\基本プログラム\debug\enemydata.obj
c:\users\4163212\desktop\テーマプログラム\direct x\shootinggame\基本プログラム\debug\enemy.obj
c:\users\4163212\desktop\テーマプログラム\direct x\shootinggame\基本プログラム\debug\blast.obj
c:\users\4163212\desktop\テーマプログラム\direct x\shootinggame\基本プログラム\debug\backmap.obj
c:\users\4163212\desktop\テーマプログラム\direct x\shootinggame\debug\基本プログラム.ilk
c:\users\4163212\desktop\テーマプログラム\direct x\shootinggame\debug\基本プログラム.exe
c:\users\4163212\desktop\テーマプログラム\direct x\shootinggame\debug\基本プログラム.pdb
c:\users\4163212\desktop\テーマプログラム\direct x\shootinggame\基本プログラム\debug\基本プログラム.res
c:\users\4163212\desktop\テーマプログラム\direct x\shootinggame\基本プログラム\debug\nativecodeanalysis.read.1.tlog
c:\users\4163212\desktop\テーマプログラム\direct x\shootinggame\基本プログラム\debug\vc.nativecodeanalysis.all.xml
c:\users\4163212\desktop\テーマプログラム\direct x\shootinggame\debug\基本プログラム.exe.lastcodeanalysissucceeded
c:\users\4163212\desktop\テーマプログラム\direct x\shootinggame\基本プログラム\debug\基本プログラム.tlog\cl.command.1.tlog
c:\users\4163212\desktop\テーマプログラム\direct x\shootinggame\基本プログラム\debug\基本プログラム.tlog\cl.read.1.tlog
c:\users\4163212\desktop\テーマプログラム\direct x\shootinggame\基本プログラム\debug\基本プログラム.tlog\cl.write.1.tlog
c:\users\4163212\desktop\テーマプログラム\direct x\shootinggame\基本プログラム\debug\基本プログラム.tlog\link.command.1.tlog
c:\users\4163212\desktop\テーマプログラム\direct x\shootinggame\基本プログラム\debug\基本プログラム.tlog\link.read.1.tlog
c:\users\4163212\desktop\テーマプログラム\direct x\shootinggame\基本プログラム\debug\基本プログラム.tlog\link.write.1.tlog
c:\users\4163212\desktop\テーマプログラム\direct x\shootinggame\基本プログラム\debug\基本プログラム.tlog\rc.command.1.tlog
c:\users\4163212\desktop\テーマプログラム\direct x\shootinggame\基本プログラム\debug\基本プログラム.tlog\rc.read.1.tlog
c:\users\4163212\desktop\テーマプログラム\direct x\shootinggame\基本プログラム\debug\基本プログラム.tlog\rc.write.1.tlog
